[error] - error
[warn] - warn
[info] - info
[verbose] - verbose
[debug] - debug
[silly] - silly
[info] - Listening on port 3000
[error] - error
[warn] - warn
[info] - info
[verbose] - verbose
[debug] - debug
[silly] - silly
[info] - Listening on port 3000
[error] - error
[warn] - warn
[info] - info
[info] - Listening on port 3000
[error] - error
[warn] - warn
[error] - error
[warn] - warn
[info] - info
[verbose] - verbose
[debug] - debug
[silly] - silly
[info] - Listening on port 3000
[error] - error
[warn] - warn
[info] - info
[verbose] - verbose
[debug] - debug
[silly] - silly
[info] - Listening on port 3000
[error] - error
[warn] - warn
[info] - info
[verbose] - verbose
[debug] - debug
[silly] - silly
[info] - Listening on port 3000 at 2023-7-8 23:52:52
[error] - error
[warn] - warn
[info] - info
[verbose] - verbose
[debug] - debug
[silly] - silly
[info] - Listening on port 3000 at 2023-7-8 23:53:52
[error] - error
[warn] - warn
[info] - info
[verbose] - verbose
[debug] - debug
[silly] - silly
[info] - Listening on port 3000 at 2023-7-8 23:54:58
[error] - error
[warn] - warn
[info] - info
[verbose] - verbose
[debug] - debug
[silly] - silly
[info] - Listening on port 3000 at 
[error] - error
[warn] - warn
[info] - info
[verbose] - verbose
[debug] - debug
[silly] - silly
[info] - Listening on port 3000  
[error] - error
[warn] - warn
[info] - info
[verbose] - verbose
[debug] - debug
[silly] - silly
[info] - Listening on port 3000  
[error] - error
[warn] - warn
[info] - info
[verbose] - verbose
[debug] - debug
[silly] - silly
[info] - Listening on port 3000  2023-7-8 23:57:22
[error] - error
[warn] - warn
[info] - info
[verbose] - verbose
[debug] - debug
[silly] - silly
[info] - Listening on port 3000  
[error] - error
[warn] - warn
[info] - info
[verbose] - verbose
[debug] - debug
[silly] - silly
[info] - Listening on port 3000  2023-7-8 23:57:41
[error] - error
[warn] - warn
[info] - info
[verbose] - verbose
[debug] - debug
[silly] - silly
[info] - Listening on port 3000  2023-7-8 23:57:43
[error] - error
[warn] - warn
[info] - info
[verbose] - verbose
[debug] - debug
[silly] - silly
[info] - Listening on port 3000  2023-7-8 23:57:47
[error] - error
[warn] - warn
[info] - info
[verbose] - verbose
[debug] - debug
[silly] - silly
[info] - Listening on port 3000  2023-7-8 23:57:48
[error] - error
[warn] - warn
[info] - info
[verbose] - verbose
[debug] - debug
[silly] - silly
[info] - Listening on port 3000  2023-7-9 0:0:56
[error] - error
[warn] - warn
[info] - info
[verbose] - verbose
[debug] - debug
[silly] - silly
[info] - Listening on port 3000  2023-7-9 0:1:2
[error] - error
[warn] - warn
[info] - info
[verbose] - verbose
[debug] - debug
[silly] - silly
[info] - Listening on port 3000  2023-7-9 0:1:6
[error] - error
[warn] - warn
[info] - info
[verbose] - verbose
[debug] - debug
[silly] - silly
[info] - Listening on port 3000  2023-7-9 0:1:10
[error] - error
[warn] - warn
[info] - info
[verbose] - verbose
[debug] - debug
[silly] - silly
[info] - Listening on port 3000  2023-7-9 0:1:14
[error] - error
[warn] - warn
[info] - info
[verbose] - verbose
[debug] - debug
[silly] - silly
[info] - Listening on port 3000  2023-7-9 0:1:18
[error] - error
[warn] - warn
[info] - info
[verbose] - verbose
[debug] - debug
[silly] - silly
[info] - Listening on port 3000  2023-7-9 0:1:20
[error] - error
[warn] - warn
[info] - info
[verbose] - verbose
[debug] - debug
[silly] - silly
[info] - Listening on port 3000  2023-7-9 0:1:22
[error] - error
[warn] - warn
[info] - info
[verbose] - verbose
[debug] - debug
[silly] - silly
[info] - Listening on port 3000  2023-7-9 0:1:24
[error] - error
[warn] - warn
[info] - info
[verbose] - verbose
[debug] - debug
[silly] - silly
[info] - Listening on port 3000  2023-7-9 0:1:29
[error] - error
[warn] - warn
[info] - info
[verbose] - verbose
[debug] - debug
[silly] - silly
[info] - Listening on port 3000  2023-7-9 0:1:32
[error] - error
[warn] - warn
[info] - info
[verbose] - verbose
[debug] - debug
[silly] - silly
[info] - Listening on port 3000  2023-7-9 0:2:14
[error] - error
[warn] - warn
[info] - info
[verbose] - verbose
[debug] - debug
[silly] - silly
[info] - Listening on port 3000  2023-7-9 0:2:15
[error] - error
[warn] - warn
[info] - info
[verbose] - verbose
[debug] - debug
[silly] - silly
[info] - Listening on port 3000  2023-7-9 0:2:18
[error] - error
[warn] - warn
[info] - info
[verbose] - verbose
[debug] - debug
[silly] - silly
[info] - Listening on port 3000  2023-7-9 0:2:30
[error] - error
[warn] - warn
[info] - info
[verbose] - verbose
[debug] - debug
[silly] - silly
[info] - Listening on port 3000  2023-7-9 0:2:40
[error] - error
[warn] - warn
[info] - info
[verbose] - verbose
[debug] - debug
[silly] - silly
[info] - Listening on port 3000  2023-7-9 0:2:52
[error] - error
[warn] - warn
[info] - info
[verbose] - verbose
[debug] - debug
[silly] - silly
[info] - Listening on port 3000  2023-7-9 0:3:3
[error] - error
[warn] - warn
[info] - info
[verbose] - verbose
[debug] - debug
[silly] - silly
[info] - Listening on port 3000  2023-7-9 0:3:17
[error] - error
[warn] - warn
[info] - info
[verbose] - verbose
[debug] - debug
[silly] - silly
[info] - Listening on port 3000  2023-7-9 0:3:36
[error] - error
[warn] - warn
[info] - info
[verbose] - verbose
[debug] - debug
[silly] - silly
[info] - Listening on port 3000  2023-7-9 0:3:43
[error] - error
[warn] - warn
[info] - info
[verbose] - verbose
[debug] - debug
[silly] - silly
[info] - Listening on port 3000  2023-7-9 0:23:37
[error] - error
[warn] - warn
[info] - info
[verbose] - verbose
[debug] - debug
[silly] - silly
[info] - Listening on port 3000  2023-7-9 0:24:52
[error] - error
[warn] - warn
[info] - info
[verbose] - verbose
[debug] - debug
[silly] - silly
[info] - Listening on port 3000  
[error] - error
[warn] - warn
[info] - info
[verbose] - verbose
[debug] - debug
[silly] - silly
[info] - Listening on port 3000  2023-7-9 0:26:14
[error] - error
[warn] - warn
[info] - info
[verbose] - verbose
[debug] - debug
[silly] - silly
[info] - Listening on port 3000  2023-7-9 0:26:20
[error] - error
[warn] - warn
[info] - info
[verbose] - verbose
[debug] - debug
[silly] - silly
[info] - Listening on port 3000  2023-7-10 1:7:49
[error] - error
[warn] - warn
[info] - info
[verbose] - verbose
[debug] - debug
[silly] - silly
[info] - Listening on port 3000  2023-7-10 12:36:34
